<?xml version="1.0" encoding="UTF-8"?>
<testng-results ignored="0" total="1" passed="1" failed="0" skipped="0">
  <reporter-output>
  </reporter-output>
  <suite started-at="2024-11-11T18:44:01 IST" name="Suite" finished-at="2024-11-11T18:44:18 IST" duration-ms="17407">
    <groups>
    </groups>
    <test started-at="2024-11-11T18:44:01 IST" name="E2E" finished-at="2024-11-11T18:44:18 IST" duration-ms="17407">
      <class name="pageobjects.login">
        <test-method is-config="true" signature="setup()[pri:0, instance:pageobjects.login@2794eab6]" started-at="2024-11-11T18:44:01 IST" name="setup" finished-at="2024-11-11T18:44:04 IST" duration-ms="3532" status="PASS">
          <reporter-output>
          </reporter-output>
        </test-method> <!-- setup -->
        <test-method signature="E2E()[pri:0, instance:pageobjects.login@2794eab6]" started-at="2024-11-11T18:44:04 IST" name="E2E" finished-at="2024-11-11T18:44:18 IST" duration-ms="13608" status="PASS">
          <reporter-output>
          </reporter-output>
        </test-method> <!-- E2E -->
        <test-method is-config="true" signature="teardown()[pri:0, instance:pageobjects.login@2794eab6]" started-at="2024-11-11T18:44:18 IST" name="teardown" finished-at="2024-11-11T18:44:18 IST" duration-ms="222" status="PASS">
          <reporter-output>
          </reporter-output>
        </test-method> <!-- teardown -->
      </class> <!-- pageobjects.login -->
    </test> <!-- E2E -->
  </suite> <!-- Suite -->
</testng-results>
